  Source.cpp
C:\Users\Admin\Desktop\Demo\DoAn_DHMT\Source.cpp(18,18): warning C4305: 'initializing': truncation from 'double' to 'float'
C:\Users\Admin\Desktop\Demo\DoAn_DHMT\Source.cpp(25,18): warning C4305: 'initializing': truncation from 'double' to 'float'
C:\Users\Admin\Desktop\Demo\DoAn_DHMT\Source.cpp(74,6): warning C4305: 'initializing': truncation from 'double' to 'float'
C:\Users\Admin\Desktop\Demo\DoAn_DHMT\Source.cpp(74,11): warning C4305: 'initializing': truncation from 'double' to 'float'
C:\Users\Admin\Desktop\Demo\DoAn_DHMT\Source.cpp(75,6): warning C4305: 'initializing': truncation from 'double' to 'float'
C:\Users\Admin\Desktop\Demo\DoAn_DHMT\Source.cpp(75,11): warning C4305: 'initializing': truncation from 'double' to 'float'
C:\Users\Admin\Desktop\Demo\DoAn_DHMT\Source.cpp(75,16): warning C4305: 'initializing': truncation from 'double' to 'float'
C:\Users\Admin\Desktop\Demo\DoAn_DHMT\Source.cpp(76,6): warning C4305: 'initializing': truncation from 'double' to 'float'
C:\Users\Admin\Desktop\Demo\DoAn_DHMT\Source.cpp(76,11): warning C4305: 'initializing': truncation from 'double' to 'float'
C:\Users\Admin\Desktop\Demo\DoAn_DHMT\Source.cpp(76,16): warning C4305: 'initializing': truncation from 'double' to 'float'
C:\Users\Admin\Desktop\Demo\DoAn_DHMT\Source.cpp(77,6): warning C4305: 'initializing': truncation from 'double' to 'float'
C:\Users\Admin\Desktop\Demo\DoAn_DHMT\Source.cpp(77,11): warning C4305: 'initializing': truncation from 'double' to 'float'
C:\Users\Admin\Desktop\Demo\DoAn_DHMT\Source.cpp(77,16): warning C4305: 'initializing': truncation from 'double' to 'float'
C:\Users\Admin\Desktop\Demo\DoAn_DHMT\Source.cpp(78,6): warning C4305: 'initializing': truncation from 'double' to 'float'
C:\Users\Admin\Desktop\Demo\DoAn_DHMT\Source.cpp(78,11): warning C4305: 'initializing': truncation from 'double' to 'float'
C:\Users\Admin\Desktop\Demo\DoAn_DHMT\Source.cpp(78,16): warning C4305: 'initializing': truncation from 'double' to 'float'
C:\Users\Admin\Desktop\Demo\DoAn_DHMT\Source.cpp(79,6): warning C4305: 'initializing': truncation from 'double' to 'float'
C:\Users\Admin\Desktop\Demo\DoAn_DHMT\Source.cpp(79,11): warning C4305: 'initializing': truncation from 'double' to 'float'
C:\Users\Admin\Desktop\Demo\DoAn_DHMT\Source.cpp(79,16): warning C4305: 'initializing': truncation from 'double' to 'float'
C:\Users\Admin\Desktop\Demo\DoAn_DHMT\Source.cpp(80,6): warning C4305: 'initializing': truncation from 'double' to 'float'
C:\Users\Admin\Desktop\Demo\DoAn_DHMT\Source.cpp(80,11): warning C4305: 'initializing': truncation from 'double' to 'float'
C:\Users\Admin\Desktop\Demo\DoAn_DHMT\Source.cpp(80,16): warning C4305: 'initializing': truncation from 'double' to 'float'
C:\Users\Admin\Desktop\Demo\DoAn_DHMT\Source.cpp(81,6): warning C4305: 'initializing': truncation from 'double' to 'float'
C:\Users\Admin\Desktop\Demo\DoAn_DHMT\Source.cpp(81,11): warning C4305: 'initializing': truncation from 'double' to 'float'
C:\Users\Admin\Desktop\Demo\DoAn_DHMT\Source.cpp(81,16): warning C4305: 'initializing': truncation from 'double' to 'float'
C:\Users\Admin\Desktop\Demo\DoAn_DHMT\Source.cpp(82,6): warning C4305: 'initializing': truncation from 'double' to 'float'
C:\Users\Admin\Desktop\Demo\DoAn_DHMT\Source.cpp(82,16): warning C4305: 'initializing': truncation from 'double' to 'float'
C:\Users\Admin\Desktop\Demo\DoAn_DHMT\Source.cpp(88,25): warning C4305: 'argument': truncation from 'double' to 'GLfloat'
C:\Users\Admin\Desktop\Demo\DoAn_DHMT\Source.cpp(88,20): warning C4305: 'argument': truncation from 'double' to 'GLfloat'
C:\Users\Admin\Desktop\Demo\DoAn_DHMT\Source.cpp(88,15): warning C4305: 'argument': truncation from 'double' to 'GLfloat'
C:\Users\Admin\Desktop\Demo\DoAn_DHMT\Source.cpp(97,25): warning C4305: 'argument': truncation from 'double' to 'GLfloat'
C:\Users\Admin\Desktop\Demo\DoAn_DHMT\Source.cpp(97,20): warning C4305: 'argument': truncation from 'double' to 'GLfloat'
C:\Users\Admin\Desktop\Demo\DoAn_DHMT\Source.cpp(98,19): warning C4305: 'argument': truncation from 'double' to 'GLfloat'
C:\Users\Admin\Desktop\Demo\DoAn_DHMT\Source.cpp(106,25): warning C4305: 'argument': truncation from 'double' to 'GLfloat'
C:\Users\Admin\Desktop\Demo\DoAn_DHMT\Source.cpp(106,20): warning C4305: 'argument': truncation from 'double' to 'GLfloat'
C:\Users\Admin\Desktop\Demo\DoAn_DHMT\Source.cpp(106,15): warning C4305: 'argument': truncation from 'double' to 'GLfloat'
C:\Users\Admin\Desktop\Demo\DoAn_DHMT\Source.cpp(107,24): warning C4305: 'argument': truncation from 'double' to 'GLfloat'
C:\Users\Admin\Desktop\Demo\DoAn_DHMT\Source.cpp(107,19): warning C4305: 'argument': truncation from 'double' to 'GLfloat'
C:\Users\Admin\Desktop\Demo\DoAn_DHMT\Source.cpp(108,24): warning C4305: 'argument': truncation from 'double' to 'GLfloat'
C:\Users\Admin\Desktop\Demo\DoAn_DHMT\Source.cpp(177,26): warning C4305: 'argument': truncation from 'double' to 'GLfloat'
C:\Users\Admin\Desktop\Demo\DoAn_DHMT\Source.cpp(197,29): warning C4305: 'argument': truncation from 'double' to 'GLfloat'
C:\Users\Admin\Desktop\Demo\DoAn_DHMT\Source.cpp(220,22): warning C4305: 'initializing': truncation from 'double' to 'float'
C:\Users\Admin\Desktop\Demo\DoAn_DHMT\Source.cpp(225,50): warning C4244: 'argument': conversion from 'double' to 'GLfloat', possible loss of data
C:\Users\Admin\Desktop\Demo\DoAn_DHMT\Source.cpp(225,33): warning C4244: 'argument': conversion from 'double' to 'GLfloat', possible loss of data
C:\Users\Admin\Desktop\Demo\DoAn_DHMT\Source.cpp(226,19): warning C4305: 'argument': truncation from 'double' to 'float'
C:\Users\Admin\Desktop\Demo\DoAn_DHMT\Source.cpp(226,14): warning C4305: 'argument': truncation from 'double' to 'float'
C:\Users\Admin\Desktop\Demo\DoAn_DHMT\Source.cpp(238,50): warning C4244: 'argument': conversion from 'double' to 'GLfloat', possible loss of data
C:\Users\Admin\Desktop\Demo\DoAn_DHMT\Source.cpp(244,51): warning C4244: 'argument': conversion from 'double' to 'GLfloat', possible loss of data
C:\Users\Admin\Desktop\Demo\DoAn_DHMT\Source.cpp(258,41): warning C4244: 'argument': conversion from 'double' to 'GLfloat', possible loss of data
C:\Users\Admin\Desktop\Demo\DoAn_DHMT\Source.cpp(264,40): warning C4244: 'argument': conversion from 'double' to 'GLfloat', possible loss of data
C:\Users\Admin\Desktop\Demo\DoAn_DHMT\Source.cpp(278,23): warning C4244: 'argument': conversion from 'double' to 'GLfloat', possible loss of data
C:\Users\Admin\Desktop\Demo\DoAn_DHMT\Source.cpp(279,27): warning C4305: 'argument': truncation from 'double' to 'GLfloat'
C:\Users\Admin\Desktop\Demo\DoAn_DHMT\Source.cpp(279,21): warning C4305: 'argument': truncation from 'double' to 'GLfloat'
C:\Users\Admin\Desktop\Demo\DoAn_DHMT\Source.cpp(279,15): warning C4305: 'argument': truncation from 'double' to 'GLfloat'
C:\Users\Admin\Desktop\Demo\DoAn_DHMT\Source.cpp(280,24): warning C4305: 'argument': truncation from 'double' to 'GLfloat'
C:\Users\Admin\Desktop\Demo\DoAn_DHMT\Source.cpp(280,14): warning C4305: 'argument': truncation from 'double' to 'GLfloat'
C:\Users\Admin\Desktop\Demo\DoAn_DHMT\Source.cpp(285,20): warning C4305: 'argument': truncation from 'double' to 'GLfloat'
C:\Users\Admin\Desktop\Demo\DoAn_DHMT\Source.cpp(289,23): warning C4244: 'argument': conversion from 'double' to 'GLfloat', possible loss of data
C:\Users\Admin\Desktop\Demo\DoAn_DHMT\Source.cpp(295,23): warning C4244: 'argument': conversion from 'double' to 'GLfloat', possible loss of data
C:\Users\Admin\Desktop\Demo\DoAn_DHMT\Source.cpp(301,23): warning C4244: 'argument': conversion from 'double' to 'GLfloat', possible loss of data
C:\Users\Admin\Desktop\Demo\DoAn_DHMT\Source.cpp(310,23): warning C4244: 'argument': conversion from 'double' to 'GLfloat', possible loss of data
C:\Users\Admin\Desktop\Demo\DoAn_DHMT\Source.cpp(311,27): warning C4305: 'argument': truncation from 'double' to 'GLfloat'
C:\Users\Admin\Desktop\Demo\DoAn_DHMT\Source.cpp(311,21): warning C4305: 'argument': truncation from 'double' to 'GLfloat'
C:\Users\Admin\Desktop\Demo\DoAn_DHMT\Source.cpp(311,15): warning C4305: 'argument': truncation from 'double' to 'GLfloat'
C:\Users\Admin\Desktop\Demo\DoAn_DHMT\Source.cpp(312,24): warning C4305: 'argument': truncation from 'double' to 'GLfloat'
C:\Users\Admin\Desktop\Demo\DoAn_DHMT\Source.cpp(312,14): warning C4305: 'argument': truncation from 'double' to 'GLfloat'
C:\Users\Admin\Desktop\Demo\DoAn_DHMT\Source.cpp(316,20): warning C4305: 'argument': truncation from 'double' to 'GLfloat'
C:\Users\Admin\Desktop\Demo\DoAn_DHMT\Source.cpp(319,23): warning C4305: 'initializing': truncation from 'double' to 'float'
C:\Users\Admin\Desktop\Demo\DoAn_DHMT\Source.cpp(319,28): warning C4305: 'initializing': truncation from 'double' to 'float'
C:\Users\Admin\Desktop\Demo\DoAn_DHMT\Source.cpp(319,33): warning C4305: 'initializing': truncation from 'double' to 'float'
C:\Users\Admin\Desktop\Demo\DoAn_DHMT\Source.cpp(320,30): warning C4305: 'initializing': truncation from 'double' to 'float'
C:\Users\Admin\Desktop\Demo\DoAn_DHMT\Source.cpp(320,35): warning C4305: 'initializing': truncation from 'double' to 'float'
C:\Users\Admin\Desktop\Demo\DoAn_DHMT\Source.cpp(335,23): warning C4244: 'argument': conversion from 'double' to 'GLfloat', possible loss of data
C:\Users\Admin\Desktop\Demo\DoAn_DHMT\Source.cpp(336,27): warning C4305: 'argument': truncation from 'double' to 'GLfloat'
C:\Users\Admin\Desktop\Demo\DoAn_DHMT\Source.cpp(336,21): warning C4305: 'argument': truncation from 'double' to 'GLfloat'
C:\Users\Admin\Desktop\Demo\DoAn_DHMT\Source.cpp(336,15): warning C4305: 'argument': truncation from 'double' to 'GLfloat'
C:\Users\Admin\Desktop\Demo\DoAn_DHMT\Source.cpp(337,25): warning C4305: 'argument': truncation from 'double' to 'GLfloat'
C:\Users\Admin\Desktop\Demo\DoAn_DHMT\Source.cpp(337,20): warning C4305: 'argument': truncation from 'double' to 'GLfloat'
C:\Users\Admin\Desktop\Demo\DoAn_DHMT\Source.cpp(337,14): warning C4305: 'argument': truncation from 'double' to 'GLfloat'
C:\Users\Admin\Desktop\Demo\DoAn_DHMT\Source.cpp(342,20): warning C4305: 'argument': truncation from 'double' to 'GLfloat'
C:\Users\Admin\Desktop\Demo\DoAn_DHMT\Source.cpp(343,20): warning C4305: 'initializing': truncation from 'double' to 'float'
C:\Users\Admin\Desktop\Demo\DoAn_DHMT\Source.cpp(348,33): warning C4244: 'argument': conversion from 'double' to 'GLfloat', possible loss of data
C:\Users\Admin\Desktop\Demo\DoAn_DHMT\Source.cpp(359,25): warning C4305: 'argument': truncation from 'double' to 'GLfloat'
C:\Users\Admin\Desktop\Demo\DoAn_DHMT\Source.cpp(359,20): warning C4305: 'argument': truncation from 'double' to 'GLfloat'
C:\Users\Admin\Desktop\Demo\DoAn_DHMT\Source.cpp(359,15): warning C4305: 'argument': truncation from 'double' to 'GLfloat'
C:\Users\Admin\Desktop\Demo\DoAn_DHMT\Source.cpp(360,21): warning C4305: 'argument': truncation from 'double' to 'GLfloat'
C:\Users\Admin\Desktop\Demo\DoAn_DHMT\Source.cpp(367,17): warning C4305: 'argument': truncation from 'double' to 'float'
C:\Users\Admin\Desktop\Demo\DoAn_DHMT\Source.cpp(369,17): warning C4305: 'argument': truncation from 'double' to 'float'
C:\Users\Admin\Desktop\Demo\DoAn_DHMT\Source.cpp(371,17): warning C4305: 'argument': truncation from 'double' to 'float'
C:\Users\Admin\Desktop\Demo\DoAn_DHMT\Source.cpp(374,25): warning C4305: 'argument': truncation from 'double' to 'GLfloat'
C:\Users\Admin\Desktop\Demo\DoAn_DHMT\Source.cpp(374,20): warning C4305: 'argument': truncation from 'double' to 'GLfloat'
C:\Users\Admin\Desktop\Demo\DoAn_DHMT\Source.cpp(374,15): warning C4305: 'argument': truncation from 'double' to 'GLfloat'
C:\Users\Admin\Desktop\Demo\DoAn_DHMT\Source.cpp(376,17): warning C4305: 'argument': truncation from 'double' to 'GLfloat'
C:\Users\Admin\Desktop\Demo\DoAn_DHMT\Source.cpp(387,25): warning C4305: 'argument': truncation from 'double' to 'GLfloat'
C:\Users\Admin\Desktop\Demo\DoAn_DHMT\Source.cpp(388,29): warning C4305: 'argument': truncation from 'double' to 'GLfloat'
C:\Users\Admin\Desktop\Demo\DoAn_DHMT\Source.cpp(388,23): warning C4305: 'argument': truncation from 'double' to 'GLfloat'
C:\Users\Admin\Desktop\Demo\DoAn_DHMT\Source.cpp(393,25): warning C4305: 'argument': truncation from 'double' to 'GLfloat'
C:\Users\Admin\Desktop\Demo\DoAn_DHMT\Source.cpp(394,29): warning C4305: 'argument': truncation from 'double' to 'GLfloat'
C:\Users\Admin\Desktop\Demo\DoAn_DHMT\Source.cpp(394,23): warning C4305: 'argument': truncation from 'double' to 'GLfloat'
C:\Users\Admin\Desktop\Demo\DoAn_DHMT\Source.cpp(401,25): warning C4305: 'argument': truncation from 'double' to 'GLfloat'
C:\Users\Admin\Desktop\Demo\DoAn_DHMT\Source.cpp(402,23): warning C4305: 'argument': truncation from 'double' to 'GLfloat'
C:\Users\Admin\Desktop\Demo\DoAn_DHMT\Source.cpp(402,18): warning C4305: 'argument': truncation from 'double' to 'GLfloat'
C:\Users\Admin\Desktop\Demo\DoAn_DHMT\Source.cpp(416,25): warning C4305: 'argument': truncation from 'double' to 'GLfloat'
C:\Users\Admin\Desktop\Demo\DoAn_DHMT\Source.cpp(416,20): warning C4305: 'argument': truncation from 'double' to 'GLfloat'
C:\Users\Admin\Desktop\Demo\DoAn_DHMT\Source.cpp(416,15): warning C4305: 'argument': truncation from 'double' to 'GLfloat'
C:\Users\Admin\Desktop\Demo\DoAn_DHMT\Source.cpp(448,25): warning C4305: 'argument': truncation from 'double' to 'GLfloat'
C:\Users\Admin\Desktop\Demo\DoAn_DHMT\Source.cpp(448,20): warning C4305: 'argument': truncation from 'double' to 'GLfloat'
C:\Users\Admin\Desktop\Demo\DoAn_DHMT\Source.cpp(448,15): warning C4305: 'argument': truncation from 'double' to 'GLfloat'
C:\Users\Admin\Desktop\Demo\DoAn_DHMT\Source.cpp(462,22): warning C4305: 'argument': truncation from 'double' to 'GLfloat'
C:\Users\Admin\Desktop\Demo\DoAn_DHMT\Source.cpp(464,20): warning C4305: 'argument': truncation from 'double' to 'GLfloat'
C:\Users\Admin\Desktop\Demo\DoAn_DHMT\Source.cpp(479,18): warning C4244: 'initializing': conversion from 'double' to 'float', possible loss of data
C:\Users\Admin\Desktop\Demo\DoAn_DHMT\Source.cpp(480,23): warning C4244: 'initializing': conversion from 'double' to 'float', possible loss of data
C:\Users\Admin\Desktop\Demo\DoAn_DHMT\Source.cpp(522,21): warning C4305: 'argument': truncation from 'double' to 'GLfloat'
C:\Users\Admin\Desktop\Demo\DoAn_DHMT\Source.cpp(532,27): warning C4244: 'argument': conversion from 'double' to 'GLfloat', possible loss of data
C:\Users\Admin\Desktop\Demo\DoAn_DHMT\Source.cpp(536,27): warning C4244: 'argument': conversion from 'double' to 'GLfloat', possible loss of data
C:\Users\Admin\Desktop\Demo\DoAn_DHMT\Source.cpp(539,24): warning C4305: 'argument': truncation from 'double' to 'GLfloat'
C:\Users\Admin\Desktop\Demo\DoAn_DHMT\Source.cpp(539,19): warning C4305: 'argument': truncation from 'double' to 'GLfloat'
C:\Users\Admin\Desktop\Demo\DoAn_DHMT\Source.cpp(547,22): warning C4305: 'initializing': truncation from 'double' to 'float'
C:\Users\Admin\Desktop\Demo\DoAn_DHMT\Source.cpp(547,48): warning C4305: '+=': truncation from 'double' to 'float'
C:\Users\Admin\Desktop\Demo\DoAn_DHMT\Source.cpp(549,28): warning C4244: 'argument': conversion from 'double' to 'GLfloat', possible loss of data
C:\Users\Admin\Desktop\Demo\DoAn_DHMT\Source.cpp(554,28): warning C4244: 'argument': conversion from 'double' to 'GLfloat', possible loss of data
C:\Users\Admin\Desktop\Demo\DoAn_DHMT\Source.cpp(561,22): warning C4305: 'initializing': truncation from 'double' to 'float'
C:\Users\Admin\Desktop\Demo\DoAn_DHMT\Source.cpp(561,48): warning C4305: '+=': truncation from 'double' to 'float'
C:\Users\Admin\Desktop\Demo\DoAn_DHMT\Source.cpp(563,38): warning C4244: 'argument': conversion from 'double' to 'GLfloat', possible loss of data
C:\Users\Admin\Desktop\Demo\DoAn_DHMT\Source.cpp(568,38): warning C4244: 'argument': conversion from 'double' to 'GLfloat', possible loss of data
C:\Users\Admin\Desktop\Demo\DoAn_DHMT\Source.cpp(641,25): warning C4305: 'argument': truncation from 'double' to 'GLfloat'
C:\Users\Admin\Desktop\Demo\DoAn_DHMT\Source.cpp(641,20): warning C4305: 'argument': truncation from 'double' to 'GLfloat'
C:\Users\Admin\Desktop\Demo\DoAn_DHMT\Source.cpp(641,15): warning C4305: 'argument': truncation from 'double' to 'GLfloat'
C:\Users\Admin\Desktop\Demo\DoAn_DHMT\Source.cpp(642,23): warning C4244: 'argument': conversion from 'double' to 'GLfloat', possible loss of data
C:\Users\Admin\Desktop\Demo\DoAn_DHMT\Source.cpp(643,22): warning C4305: 'argument': truncation from 'double' to 'GLfloat'
C:\Users\Admin\Desktop\Demo\DoAn_DHMT\Source.cpp(643,17): warning C4305: 'argument': truncation from 'double' to 'GLfloat'
C:\Users\Admin\Desktop\Demo\DoAn_DHMT\Source.cpp(663,29): warning C4305: 'argument': truncation from 'double' to 'GLfloat'
C:\Users\Admin\Desktop\Demo\DoAn_DHMT\Source.cpp(773,34): warning C4305: 'argument': truncation from 'double' to 'float'
C:\Users\Admin\Desktop\Demo\DoAn_DHMT\Source.cpp(777,41): warning C4305: 'argument': truncation from 'double' to 'float'
C:\Users\Admin\Desktop\Demo\DoAn_DHMT\Source.cpp(778,41): warning C4305: 'argument': truncation from 'double' to 'float'
C:\Users\Admin\Desktop\Demo\DoAn_DHMT\Source.cpp(778,36): warning C4305: 'argument': truncation from 'double' to 'float'
C:\Users\Admin\Desktop\Demo\DoAn_DHMT\Source.cpp(778,31): warning C4305: 'argument': truncation from 'double' to 'float'
C:\Users\Admin\Desktop\Demo\DoAn_DHMT\Source.cpp(780,13): warning C4305: 'argument': truncation from 'double' to 'float'
C:\Users\Admin\Desktop\Demo\DoAn_DHMT\Source.cpp(782,38): warning C4305: 'argument': truncation from 'double' to 'float'
C:\Users\Admin\Desktop\Demo\DoAn_DHMT\Source.cpp(782,28): warning C4305: 'argument': truncation from 'double' to 'float'
C:\Users\Admin\Desktop\Demo\DoAn_DHMT\Source.cpp(782,13): warning C4305: 'argument': truncation from 'double' to 'float'
C:\Users\Admin\Desktop\Demo\DoAn_DHMT\Source.cpp(787,91): warning C4305: 'argument': truncation from 'double' to 'float'
C:\Users\Admin\Desktop\Demo\DoAn_DHMT\Source.cpp(788,91): warning C4305: 'argument': truncation from 'double' to 'float'
C:\Users\Admin\Desktop\Demo\DoAn_DHMT\Source.cpp(790,91): warning C4305: 'argument': truncation from 'double' to 'float'
C:\Users\Admin\Desktop\Demo\DoAn_DHMT\Source.cpp(791,91): warning C4305: 'argument': truncation from 'double' to 'float'
C:\Users\Admin\Desktop\Demo\DoAn_DHMT\Source.cpp(794,91): warning C4305: 'argument': truncation from 'double' to 'float'
C:\Users\Admin\Desktop\Demo\DoAn_DHMT\Source.cpp(795,91): warning C4305: 'argument': truncation from 'double' to 'float'
C:\Users\Admin\Desktop\Demo\DoAn_DHMT\Source.cpp(796,91): warning C4305: 'argument': truncation from 'double' to 'float'
C:\Users\Admin\Desktop\Demo\DoAn_DHMT\Source.cpp(819,34): warning C4305: 'argument': truncation from 'double' to 'GLclampf'
C:\Users\Admin\Desktop\Demo\DoAn_DHMT\Source.cpp(819,28): warning C4305: 'argument': truncation from 'double' to 'GLclampf'
C:\Users\Admin\Desktop\Demo\DoAn_DHMT\Source.cpp(819,22): warning C4305: 'argument': truncation from 'double' to 'GLclampf'
C:\Users\Admin\Desktop\Demo\DoAn_DHMT\Source.cpp(826,27): warning C4305: 'argument': truncation from 'double' to 'GLclampf'
C:\Users\Admin\Desktop\Demo\DoAn_DHMT\Source.cpp(901,23): warning C4305: 'argument': truncation from 'double' to 'GLclampf'
C:\Users\Admin\Desktop\Demo\DoAn_DHMT\Source.cpp(905,36): warning C4305: 'initializing': truncation from 'double' to 'GLfloat'
C:\Users\Admin\Desktop\Demo\DoAn_DHMT\Source.cpp(905,41): warning C4305: 'initializing': truncation from 'double' to 'GLfloat'
C:\Users\Admin\Desktop\Demo\DoAn_DHMT\Source.cpp(905,46): warning C4305: 'initializing': truncation from 'double' to 'GLfloat'
C:\Users\Admin\Desktop\Demo\DoAn_DHMT\Source.cpp(914,38): warning C4305: 'initializing': truncation from 'double' to 'GLfloat'
C:\Users\Admin\Desktop\Demo\DoAn_DHMT\Source.cpp(914,43): warning C4305: 'initializing': truncation from 'double' to 'GLfloat'
C:\Users\Admin\Desktop\Demo\DoAn_DHMT\Source.cpp(914,48): warning C4305: 'initializing': truncation from 'double' to 'GLfloat'
C:\Users\Admin\Desktop\Demo\DoAn_DHMT\Source.cpp(915,38): warning C4305: 'initializing': truncation from 'double' to 'GLfloat'
C:\Users\Admin\Desktop\Demo\DoAn_DHMT\Source.cpp(915,43): warning C4305: 'initializing': truncation from 'double' to 'GLfloat'
C:\Users\Admin\Desktop\Demo\DoAn_DHMT\Source.cpp(915,48): warning C4305: 'initializing': truncation from 'double' to 'GLfloat'
  DoAn_DHMT.vcxproj -> C:\Users\Admin\Desktop\Demo\DoAn_DHMT\x64\Debug\DoAn_DHMT.exe
